2025-04-13 13:42:40.907316 - Received CBT.V508.FILE1053.PDS from FILE1053.XMI 
2025-04-13 13:42:40.908698 - Found $$$#DATE.txt (text/plain) in CBT.V508.FILE1053.PDS, moved to PDS/$$$#DATE
2025-04-13 13:42:40.908774 - Found $$DOC$$.txt (text/plain) in CBT.V508.FILE1053.PDS, moved to PDS/$$DOC$$
2025-04-13 13:42:40.908854 - Found @FIL1053.txt (text/plain) in CBT.V508.FILE1053.PDS, moved to PDS/@FIL1053
2025-04-13 13:42:40.908955 - Found AUPGM.txt (text/plain) in CBT.V508.FILE1053.PDS, moved to PDS/AUPGM
2025-04-13 13:42:40.909017 - Found AUPGM$.jcl (text/plain) in CBT.V508.FILE1053.PDS, moved to PDS/AUPGM$
2025-04-13 13:42:40.909079 - Found AUPGM#.txt (text/plain) in CBT.V508.FILE1053.PDS, moved to PDS/AUPGM#
2025-04-13 13:42:40.909135 - Found COMPASM.jcl (text/plain) in CBT.V508.FILE1053.PDS, moved to PDS/COMPASM
2025-04-13 13:42:40.909217 - Found KDSLIST.rexx (text/plain) in CBT.V508.FILE1053.PDS, moved to PDS/KDSLIST
2025-04-13 13:42:40.909566 - Found KDSLIST#.pdf (application/pdf) in CBT.V508.FILE1053.PDS, moved to docs/KDSLIST#.pdf
2025-04-13 13:42:40.909746 - Found KDSLIST@.docx (application/vnd.openxmlformats-officedocument.wordprocessingml.document) in CBT.V508.FILE1053.PDS, moved to docs/KDSLIST@.docx
2025-04-13 13:42:40.909810 - Found KDSLJCL.jcl (text/plain) in CBT.V508.FILE1053.PDS, moved to PDS/KDSLJCL
2025-04-13 13:42:40.909870 - Found KDSLJCLF.jcl (text/plain) in CBT.V508.FILE1053.PDS, moved to PDS/KDSLJCLF
2025-04-13 13:42:40.909927 - Found KDSLTSO.rexx (text/plain) in CBT.V508.FILE1053.PDS, moved to PDS/KDSLTSO
2025-04-13 13:42:40.909998 - Found MEMZAP.txt (text/plain) in CBT.V508.FILE1053.PDS, moved to PDS/MEMZAP
2025-04-13 13:42:40.910065 - Found MEMZAP$.jcl (text/plain) in CBT.V508.FILE1053.PDS, moved to PDS/MEMZAP$
2025-04-13 13:42:40.910152 - Found MEMZAPC.txt (text/plain) in CBT.V508.FILE1053.PDS, moved to PDS/MEMZAPC
2025-04-13 13:42:40.910213 - Found MEMZAPJ1.jcl (text/plain) in CBT.V508.FILE1053.PDS, moved to PDS/MEMZAPJ1
2025-04-13 13:42:40.910281 - Found MEMZAPP.txt (text/plain) in CBT.V508.FILE1053.PDS, moved to PDS/MEMZAPP
2025-04-13 13:42:40.910341 - Found SAFCHECK.rexx (text/plain) in CBT.V508.FILE1053.PDS, moved to PDS/SAFCHECK
2025-04-13 13:42:40.910399 - Found SAFCHKAS.jcl (text/plain) in CBT.V508.FILE1053.PDS, moved to PDS/SAFCHKAS
2025-04-13 13:42:40.910455 - Found SAFCHKBT.jcl (text/plain) in CBT.V508.FILE1053.PDS, moved to PDS/SAFCHKBT
2025-04-13 13:42:40.910525 - Found SAFCHK33.txt (text/plain) in CBT.V508.FILE1053.PDS, moved to PDS/SAFCHK33
2025-04-13 13:42:40.914202 - Found SAFCKDOC.zip (application/zip) in CBT.V508.FILE1053.PDS, moved to SAFCKDOC
